  runtime.cpp
c:\users\smart\documents\visual studio 2015\asu-cse240-assignments\assignment1\2\circuitlang\circuitlang\runtime.h(14): warning C4091: 'extern ': ignored on left of 'std::map<std::string,runtime::func,std::less<_Kty>,std::allocator<std::pair<const _Kty,_Ty>>>' when no variable is declared
          with
          [
              _Kty=std::string,
              _Ty=runtime::func
          ]
c:\users\smart\documents\visual studio 2015\asu-cse240-assignments\assignment1\2\circuitlang\circuitlang\runtime.cpp(42): warning C4996: 'fopen': This function or variable may be unsafe. Consider using fopen_s instead. To disable deprecation, use _CRT_SECURE_NO_WARNINGS. See online help for details.
  c:\program files (x86)\windows kits\10\include\10.0.10240.0\ucrt\stdio.h(205): note: see declaration of 'fopen'
  datatypes.cpp
c:\users\smart\documents\visual studio 2015\asu-cse240-assignments\assignment1\2\circuitlang\circuitlang\runtime.h(14): warning C4091: 'extern ': ignored on left of 'std::map<std::string,runtime::func,std::less<_Kty>,std::allocator<std::pair<const _Kty,_Ty>>>' when no variable is declared
          with
          [
              _Kty=std::string,
              _Ty=runtime::func
          ]
  CircuitLang.cpp
c:\users\smart\documents\visual studio 2015\asu-cse240-assignments\assignment1\2\circuitlang\circuitlang\runtime.h(14): warning C4091: 'extern ': ignored on left of 'std::map<std::string,runtime::func,std::less<_Kty>,std::allocator<std::pair<const _Kty,_Ty>>>' when no variable is declared
          with
          [
              _Kty=std::string,
              _Ty=runtime::func
          ]
  Generating Code...
c:\users\smart\documents\visual studio 2015\asu-cse240-assignments\assignment1\2\circuitlang\circuitlang\runtime.cpp(59): warning C4715: 'process_file': not all control paths return a value
  CircuitLang.vcxproj -> C:\Users\smart\Documents\Visual Studio 2015\ASU-CSE240-Assignments\Assignment1\2\CircuitLang\Debug\CircuitLang.exe
  CircuitLang.vcxproj -> C:\Users\smart\Documents\Visual Studio 2015\ASU-CSE240-Assignments\Assignment1\2\CircuitLang\Debug\CircuitLang.pdb (Full PDB)
